<?xml version="1.0" encoding="UTF-8"?>
<!-- Generated by org.testng.reporters.JUnitReportReporter -->
<testsuite skipped="0" hostname="sandeep" name="com.application.tests.TestClass" tests="2" failures="0" timestamp="31 May 2017 09:58:49 GMT" time="30.521" errors="0">
  <testcase name="invalidLogin" time="1.894" classname="com.application.tests.TestClass"/>
  <testcase name="testHome" time="28.627" classname="com.application.tests.TestClass"/>
</testsuite> <!-- com.application.tests.TestClass -->
