<?xml version="1.0" encoding="UTF-8"?>
<!-- Generated by org.testng.reporters.JUnitReportReporter -->
<testsuite skipped="0" hostname="sandeep" name="com.application.tests.TestClass" tests="1" failures="0" timestamp="26 May 2017 07:40:03 GMT" time="31.722" errors="0">
  <testcase name="testHome" time="31.722" classname="com.application.tests.TestClass"/>
</testsuite> <!-- com.application.tests.TestClass -->
