<?xml version="1.0" encoding="UTF-8"?>
<!-- Generated by org.testng.reporters.JUnitReportReporter -->
<testsuite skipped="0" hostname="sandeep" name="com.application.tests.TestClass" tests="1" failures="0" timestamp="29 May 2017 04:54:38 GMT" time="30.765" errors="0">
  <testcase name="testHome" time="30.765" classname="com.application.tests.TestClass"/>
</testsuite> <!-- com.application.tests.TestClass -->
