<?xml version="1.0" encoding="UTF-8"?>
<!-- Generated by org.testng.reporters.JUnitReportReporter -->
<testsuite hostname="sandeep" name="com.application.tests.TestClass" tests="1" failures="0" timestamp="26 May 2017 04:37:43 GMT" time="28.059" errors="0">
  <testcase name="testHome" time="28.059" classname="com.application.tests.TestClass"/>
</testsuite> <!-- com.application.tests.TestClass -->
